-------------------------------------------------------------------------------
Test set: pl.sda.intermediate.tddcalculator.StringCalculatorTest
-------------------------------------------------------------------------------
Tests run: 10, Failures: 1, Errors: 1, Skipped: 0, Time elapsed: 0.02 s <<< FAILURE! - in pl.sda.intermediate.tddcalculator.StringCalculatorTest
shouldReturnSumWhenMoreThanTwoGivenSeparatedNewLineSign  Time elapsed: 0.004 s  <<< ERROR!
java.lang.IllegalStateException: No match found
	at pl.sda.intermediate.tddcalculator.StringCalculatorTest.shouldReturnSumWhenMoreThanTwoGivenSeparatedNewLineSign(StringCalculatorTest.java:99)

shouldThrowExceptionWhenNegativesNumberGiven  Time elapsed: 0.002 s  <<< FAILURE!
org.opentest4j.AssertionFailedError: Unexpected exception type thrown ==> expected: <pl.sda.intermediate.tddcalculator.NegativeNumberException> but was: <java.lang.IllegalStateException>
	at pl.sda.intermediate.tddcalculator.StringCalculatorTest.shouldThrowExceptionWhenNegativesNumberGiven(StringCalculatorTest.java:113)
Caused by: java.lang.IllegalStateException: No match found
	at pl.sda.intermediate.tddcalculator.StringCalculatorTest.lambda$shouldThrowExceptionWhenNegativesNumberGiven$0(StringCalculatorTest.java:115)
	at pl.sda.intermediate.tddcalculator.StringCalculatorTest.shouldThrowExceptionWhenNegativesNumberGiven(StringCalculatorTest.java:113)

