<?xml version="1.0" encoding="UTF-8"?>
<testsuite xmlns:xsi="http://www.w3.org/2001/XMLSchema-instance" xsi:noNamespaceSchemaLocation="https://maven.apache.org/surefire/maven-surefire-plugin/xsd/surefire-test-report.xsd" name="pl.sda.intermediate.tddcalculator.StringCalculatorTest" time="0.02" tests="10" errors="1" skipped="0" failures="1">
  <properties>
[...]
</properties>
  <testcase name="shouldReturnSumWithLongCustomDelimiter" classname="pl.sda.intermediate.tddcalculator.StringCalculatorTest" time="0.006"/>
  <testcase name="shouldReturnSumWhenTwoGiven" classname="pl.sda.intermediate.tddcalculator.StringCalculatorTest" time="0"/>
  <testcase name="shouldReturnSumWhenMoreThanTwoGivenSeparatedNewLineSign" classname="pl.sda.intermediate.tddcalculator.StringCalculatorTest" time="0.004">
    <error message="No match found" type="java.lang.IllegalStateException">java.lang.IllegalStateException: No match found
	at pl.sda.intermediate.tddcalculator.StringCalculatorTest.shouldReturnSumWhenMoreThanTwoGivenSeparatedNewLineSign(StringCalculatorTest.java:99)
</error>
  </testcase>
  <testcase name="shouldReturnSumWhenOneGiven" classname="pl.sda.intermediate.tddcalculator.StringCalculatorTest" time="0.001"/>
  <testcase name="shouldReturnSumWhenMoreThanTwoGiven" classname="pl.sda.intermediate.tddcalculator.StringCalculatorTest" time="0"/>
  <testcase name="shouldReturnZero" classname="pl.sda.intermediate.tddcalculator.StringCalculatorTest" time="0.001"/>
  <testcase name="shouldReturnSumAndIgnoreNumbersBiggerThanThousand" classname="pl.sda.intermediate.tddcalculator.StringCalculatorTest" time="0"/>
  <testcase name="shouldReturnSumWhenMoreThanTwoGivenSeparatedCustomDelimiter" classname="pl.sda.intermediate.tddcalculator.StringCalculatorTest" time="0.001"/>
  <testcase name="shouldReturnSumWhenMoreThanTwoGivenWhenComaAndNewLineSeparated" classname="pl.sda.intermediate.tddcalculator.StringCalculatorTest" time="0"/>
  <testcase name="shouldThrowExceptionWhenNegativesNumberGiven" classname="pl.sda.intermediate.tddcalculator.StringCalculatorTest" time="0.002">
    <failure message="Unexpected exception type thrown ==&gt; expected: &lt;pl.sda.intermediate.tddcalculator.NegativeNumberException&gt; but was: &lt;java.lang.IllegalStateException&gt;" type="org.opentest4j.AssertionFailedError"><![CDATA[org.opentest4j.AssertionFailedError: Unexpected exception type thrown ==> expected: <pl.sda.intermediate.tddcalculator.NegativeNumberException> but was: <java.lang.IllegalStateException>
	at pl.sda.intermediate.tddcalculator.StringCalculatorTest.shouldThrowExceptionWhenNegativesNumberGiven(StringCalculatorTest.java:113)
Caused by: java.lang.IllegalStateException: No match found
	at pl.sda.intermediate.tddcalculator.StringCalculatorTest.lambda$shouldThrowExceptionWhenNegativesNumberGiven$0(StringCalculatorTest.java:115)
	at pl.sda.intermediate.tddcalculator.StringCalculatorTest.shouldThrowExceptionWhenNegativesNumberGiven(StringCalculatorTest.java:113)
]]></failure>
  </testcase>
</testsuite>